<?xml version="1.0" encoding="UTF-8"?>
<!-- Generated by org.testng.reporters.JUnitXMLReporter -->
<testsuite hostname="Sameer" ignored="0" name="Test" tests="2" failures="1" timestamp="21 May 2020 08:46:08 GMT" time="9.553" errors="0">
  <testcase name="feature" time="5.773" classname="cucumber.api.testng.AbstractTestNGCucumberTests"/>
  <testcase name="feature" time="3.224" classname="cucumber.api.testng.AbstractTestNGCucumberTests">
    <failure type="cucumber.runtime.CucumberException" message="junit.framework.ComparisonFailure: Data is not displayed for current date only expected:&amp;lt;2020[/05/21]&amp;gt; but was:&amp;lt;2020[-05-20]&amp;gt;">
      <![CDATA[cucumber.runtime.CucumberException: junit.framework.ComparisonFailure: Data is not displayed for current date only expected:<2020[/05/21]> but was:<2020[-05-20]>
at cucumber.api.testng.TestNGCucumberRunner.runCucumber(TestNGCucumberRunner.java:69)
at cucumber.api.testng.AbstractTestNGCucumberTests.feature(AbstractTestNGCucumberTests.java:21)
Caused by: junit.framework.ComparisonFailure: Data is not displayed for current date only expected:<2020[/05/21]> but was:<2020[-05-20]>
at junit.framework.Assert.assertEquals(Assert.java:100)
at stepDefinations.RatesAPIStepDefination.validateResponse(RatesAPIStepDefination.java:99)
at âœ½.Then I validate the response received(RatesAPISpecificDate.feature:29)
... Removed 25 stack frames]]>
    </failure>
  </testcase> <!-- feature -->
</testsuite> <!-- Test -->
